2024-03-08 11:24:10,439 INFO o.a.j.u.JMeterUtils: Setting Locale to en_IN
2024-03-08 11:24:10,472 INFO o.a.j.JMeter: Loading user properties from: user.properties
2024-03-08 11:24:10,474 INFO o.a.j.JMeter: Loading system properties from: system.properties
2024-03-08 11:24:10,486 INFO o.a.j.JMeter: Copyright (c) 1998-2024 The Apache Software Foundation
2024-03-08 11:24:10,487 INFO o.a.j.JMeter: Version 5.6.3
2024-03-08 11:24:10,487 INFO o.a.j.JMeter: java.version=18.0.2.1
2024-03-08 11:24:10,487 INFO o.a.j.JMeter: java.vm.name=Java HotSpot(TM) 64-Bit Server VM
2024-03-08 11:24:10,487 INFO o.a.j.JMeter: os.name=Windows 11
2024-03-08 11:24:10,487 INFO o.a.j.JMeter: os.arch=amd64
2024-03-08 11:24:10,487 INFO o.a.j.JMeter: os.version=10.0
2024-03-08 11:24:10,488 INFO o.a.j.JMeter: file.encoding=UTF-8
2024-03-08 11:24:10,488 INFO o.a.j.JMeter: java.awt.headless=null
2024-03-08 11:24:10,488 INFO o.a.j.JMeter: Max memory     =2078277632
2024-03-08 11:24:10,488 INFO o.a.j.JMeter: Available Processors =8
2024-03-08 11:24:10,502 INFO o.a.j.JMeter: Default Locale=English (India)
2024-03-08 11:24:10,502 INFO o.a.j.JMeter: JMeter  Locale=English (India)
2024-03-08 11:24:10,503 INFO o.a.j.JMeter: JMeterHome=C:\Users\Dell\New folder\Java\java\Microservices\apache-jmeter-5.6.3
2024-03-08 11:24:10,503 INFO o.a.j.JMeter: user.dir  =C:\Users\Dell\New folder\Java\java\Microservices\apache-jmeter-5.6.3\bin
2024-03-08 11:24:10,503 INFO o.a.j.JMeter: PWD       =C:\Users\Dell\New folder\Java\java\Microservices\apache-jmeter-5.6.3\bin
2024-03-08 11:24:10,788 INFO o.a.j.JMeter: IP: 192.168.1.209 Name: SAIRAJ FullName: 192.168.1.209
2024-03-08 11:24:10,826 INFO o.a.j.JMeter: Loaded icon properties from org/apache/jmeter/images/icon.properties
2024-03-08 11:24:11,188 INFO o.a.j.JMeterGuiLauncher: Setting LAF to: com.github.weisj.darklaf.DarkLaf:com.github.weisj.darklaf.theme.DarculaTheme
2024-03-08 11:25:16,991 INFO o.a.j.p.h.s.HTTPSamplerBase: Parser for text/html is org.apache.jmeter.protocol.http.parser.LagartoBasedHtmlParser
2024-03-08 11:25:16,992 INFO o.a.j.p.h.s.HTTPSamplerBase: Parser for application/xhtml+xml is org.apache.jmeter.protocol.http.parser.LagartoBasedHtmlParser
2024-03-08 11:25:16,992 INFO o.a.j.p.h.s.HTTPSamplerBase: Parser for application/xml is org.apache.jmeter.protocol.http.parser.LagartoBasedHtmlParser
2024-03-08 11:25:16,992 INFO o.a.j.p.h.s.HTTPSamplerBase: Parser for text/xml is org.apache.jmeter.protocol.http.parser.LagartoBasedHtmlParser
2024-03-08 11:25:16,992 INFO o.a.j.p.h.s.HTTPSamplerBase: Parser for text/vnd.wap.wml is org.apache.jmeter.protocol.http.parser.RegexpHTMLParser
2024-03-08 11:25:16,993 INFO o.a.j.p.h.s.HTTPSamplerBase: Parser for text/css is org.apache.jmeter.protocol.http.parser.CssParser
2024-03-08 11:26:35,770 INFO o.a.j.s.SampleResult: Note: Sample TimeStamps are START times
2024-03-08 11:26:35,770 INFO o.a.j.s.SampleResult: sampleresult.default.encoding is set to UTF-8
2024-03-08 11:26:35,770 INFO o.a.j.s.SampleResult: sampleresult.useNanoTime=true
2024-03-08 11:26:35,770 INFO o.a.j.s.SampleResult: sampleresult.nanoThreadSleep=5000
2024-03-08 11:27:06,410 INFO o.a.j.s.FileServer: Default base='C:\Users\Dell\New folder\Java\java\Microservices\apache-jmeter-5.6.3\bin'
2024-03-08 11:27:06,412 INFO o.a.j.s.FileServer: Set new base='C:\Users\Dell\New folder\Java\java\Microservices\apache-jmeter-5.6.3\bin'
2024-03-08 11:27:06,741 INFO o.a.j.s.SaveService: Testplan (JMX) version: 2.2. Testlog (JTL) version: 2.2
2024-03-08 11:27:06,782 INFO o.a.j.s.SaveService: Using SaveService properties version 5.0
2024-03-08 11:27:06,785 INFO o.a.j.s.SaveService: Using SaveService properties file encoding UTF-8
2024-03-08 11:27:06,829 INFO o.a.j.e.StandardJMeterEngine: Running the test!
2024-03-08 11:27:06,830 INFO o.a.j.s.SampleEvent: List of sample_variables: []
2024-03-08 11:27:06,830 INFO o.a.j.s.SampleEvent: List of sample_variables: []
2024-03-08 11:27:06,831 INFO o.a.j.e.u.CompoundVariable: Note: Function class names must contain the string: '.functions.'
2024-03-08 11:27:06,831 INFO o.a.j.e.u.CompoundVariable: Note: Function class names must not contain the string: '.gui.'
2024-03-08 11:27:06,947 INFO o.a.j.g.u.JMeterMenuBar: setRunning(true, *local*)
2024-03-08 11:27:06,988 INFO o.a.j.e.StandardJMeterEngine: Starting ThreadGroup: 1 : Thread Group
2024-03-08 11:27:06,988 INFO o.a.j.e.StandardJMeterEngine: Starting 15 threads for group Thread Group.
2024-03-08 11:27:06,988 INFO o.a.j.e.StandardJMeterEngine: Thread will continue on error
2024-03-08 11:27:06,988 INFO o.a.j.t.ThreadGroup: Starting thread group... number=1 threads=15 ramp-up=1 delayedStart=false
2024-03-08 11:27:06,994 INFO o.a.j.t.JMeterThread: Thread started: Thread Group 1-1
2024-03-08 11:27:06,999 INFO o.a.j.t.ThreadGroup: Started thread group number 1
2024-03-08 11:27:06,999 INFO o.a.j.e.StandardJMeterEngine: All thread groups have been started
2024-03-08 11:27:07,014 INFO o.a.j.p.h.s.HTTPHCAbstractImpl: Local host = SAIRAJ
2024-03-08 11:27:07,022 INFO o.a.j.p.h.s.HTTPHC4Impl: HTTP request retry count = 0
2024-03-08 11:27:07,058 INFO o.a.j.t.JMeterThread: Thread started: Thread Group 1-2
2024-03-08 11:27:07,126 INFO o.a.j.t.JMeterThread: Thread started: Thread Group 1-3
2024-03-08 11:27:07,192 INFO o.a.j.t.JMeterThread: Thread started: Thread Group 1-4
2024-03-08 11:27:07,261 INFO o.a.j.t.JMeterThread: Thread started: Thread Group 1-5
2024-03-08 11:27:07,328 INFO o.a.j.t.JMeterThread: Thread started: Thread Group 1-6
2024-03-08 11:27:07,393 INFO o.a.j.t.JMeterThread: Thread started: Thread Group 1-7
2024-03-08 11:27:07,461 INFO o.a.j.t.JMeterThread: Thread started: Thread Group 1-8
2024-03-08 11:27:07,527 INFO o.a.j.t.JMeterThread: Thread started: Thread Group 1-9
2024-03-08 11:27:07,596 INFO o.a.j.t.JMeterThread: Thread started: Thread Group 1-10
2024-03-08 11:27:07,662 INFO o.a.j.t.JMeterThread: Thread started: Thread Group 1-11
2024-03-08 11:27:07,728 INFO o.a.j.t.JMeterThread: Thread started: Thread Group 1-12
2024-03-08 11:27:07,795 INFO o.a.j.t.JMeterThread: Thread started: Thread Group 1-13
2024-03-08 11:27:07,863 INFO o.a.j.t.JMeterThread: Thread started: Thread Group 1-14
2024-03-08 11:27:07,930 INFO o.a.j.t.JMeterThread: Thread started: Thread Group 1-15
2024-03-08 11:27:08,102 INFO o.a.j.t.JMeterThread: Thread is done: Thread Group 1-15
2024-03-08 11:27:08,102 INFO o.a.j.t.JMeterThread: Thread is done: Thread Group 1-1
2024-03-08 11:27:08,103 INFO o.a.j.t.JMeterThread: Thread finished: Thread Group 1-1
2024-03-08 11:27:08,103 INFO o.a.j.t.JMeterThread: Thread is done: Thread Group 1-14
2024-03-08 11:27:08,103 INFO o.a.j.t.JMeterThread: Thread is done: Thread Group 1-7
2024-03-08 11:27:08,102 INFO o.a.j.t.JMeterThread: Thread is done: Thread Group 1-9
2024-03-08 11:27:08,103 INFO o.a.j.t.JMeterThread: Thread finished: Thread Group 1-7
2024-03-08 11:27:08,103 INFO o.a.j.t.JMeterThread: Thread finished: Thread Group 1-9
2024-03-08 11:27:08,102 INFO o.a.j.t.JMeterThread: Thread is done: Thread Group 1-5
2024-03-08 11:27:08,102 INFO o.a.j.t.JMeterThread: Thread is done: Thread Group 1-10
2024-03-08 11:27:08,102 INFO o.a.j.t.JMeterThread: Thread is done: Thread Group 1-3
2024-03-08 11:27:08,102 INFO o.a.j.t.JMeterThread: Thread is done: Thread Group 1-11
2024-03-08 11:27:08,102 INFO o.a.j.t.JMeterThread: Thread is done: Thread Group 1-4
2024-03-08 11:27:08,103 INFO o.a.j.t.JMeterThread: Thread finished: Thread Group 1-5
2024-03-08 11:27:08,103 INFO o.a.j.t.JMeterThread: Thread finished: Thread Group 1-3
2024-03-08 11:27:08,103 INFO o.a.j.t.JMeterThread: Thread finished: Thread Group 1-11
2024-03-08 11:27:08,103 INFO o.a.j.t.JMeterThread: Thread finished: Thread Group 1-4
2024-03-08 11:27:08,103 INFO o.a.j.t.JMeterThread: Thread is done: Thread Group 1-12
2024-03-08 11:27:08,104 INFO o.a.j.t.JMeterThread: Thread finished: Thread Group 1-12
2024-03-08 11:27:08,103 INFO o.a.j.t.JMeterThread: Thread is done: Thread Group 1-13
2024-03-08 11:27:08,104 INFO o.a.j.t.JMeterThread: Thread finished: Thread Group 1-14
2024-03-08 11:27:08,103 INFO o.a.j.t.JMeterThread: Thread is done: Thread Group 1-8
2024-03-08 11:27:08,102 INFO o.a.j.t.JMeterThread: Thread finished: Thread Group 1-15
2024-03-08 11:27:08,104 INFO o.a.j.t.JMeterThread: Thread finished: Thread Group 1-13
2024-03-08 11:27:08,103 INFO o.a.j.t.JMeterThread: Thread finished: Thread Group 1-10
2024-03-08 11:27:08,105 INFO o.a.j.t.JMeterThread: Thread finished: Thread Group 1-8
2024-03-08 11:27:09,054 INFO o.a.j.t.JMeterThread: Thread is done: Thread Group 1-2
2024-03-08 11:27:09,054 INFO o.a.j.t.JMeterThread: Thread is done: Thread Group 1-6
2024-03-08 11:27:09,054 INFO o.a.j.t.JMeterThread: Thread finished: Thread Group 1-6
2024-03-08 11:27:09,054 INFO o.a.j.t.JMeterThread: Thread finished: Thread Group 1-2
2024-03-08 11:27:09,055 INFO o.a.j.e.StandardJMeterEngine: Notifying test listeners of end of test
2024-03-08 11:27:09,055 INFO o.a.j.g.u.JMeterMenuBar: setRunning(false, *local*)
2024-03-08 11:33:08,198 INFO o.a.j.e.StandardJMeterEngine: Running the test!
2024-03-08 11:33:08,201 INFO o.a.j.s.SampleEvent: List of sample_variables: []
2024-03-08 11:33:08,203 INFO o.a.j.g.u.JMeterMenuBar: setRunning(true, *local*)
2024-03-08 11:33:08,270 INFO o.a.j.e.StandardJMeterEngine: Starting ThreadGroup: 1 : Thread Group
2024-03-08 11:33:08,271 INFO o.a.j.e.StandardJMeterEngine: Starting 15 threads for group Thread Group.
2024-03-08 11:33:08,271 INFO o.a.j.e.StandardJMeterEngine: Thread will continue on error
2024-03-08 11:33:08,271 INFO o.a.j.t.ThreadGroup: Starting thread group... number=1 threads=15 ramp-up=1 delayedStart=false
2024-03-08 11:33:08,272 INFO o.a.j.t.JMeterThread: Thread started: Thread Group 1-1
2024-03-08 11:33:08,276 INFO o.a.j.t.ThreadGroup: Started thread group number 1
2024-03-08 11:33:08,276 INFO o.a.j.e.StandardJMeterEngine: All thread groups have been started
2024-03-08 11:33:08,351 INFO o.a.j.t.JMeterThread: Thread started: Thread Group 1-2
2024-03-08 11:33:08,414 INFO o.a.j.t.JMeterThread: Thread started: Thread Group 1-3
2024-03-08 11:33:08,477 INFO o.a.j.t.JMeterThread: Thread started: Thread Group 1-4
2024-03-08 11:33:08,541 INFO o.a.j.t.JMeterThread: Thread started: Thread Group 1-5
2024-03-08 11:33:08,621 INFO o.a.j.t.JMeterThread: Thread started: Thread Group 1-6
2024-03-08 11:33:08,684 INFO o.a.j.t.JMeterThread: Thread started: Thread Group 1-7
2024-03-08 11:33:08,747 INFO o.a.j.t.JMeterThread: Thread started: Thread Group 1-8
2024-03-08 11:33:08,809 INFO o.a.j.t.JMeterThread: Thread started: Thread Group 1-9
2024-03-08 11:33:08,883 INFO o.a.j.t.JMeterThread: Thread started: Thread Group 1-10
2024-03-08 11:33:08,919 INFO o.a.j.t.JMeterThread: Thread is done: Thread Group 1-1
2024-03-08 11:33:08,919 INFO o.a.j.t.JMeterThread: Thread is done: Thread Group 1-3
2024-03-08 11:33:08,919 INFO o.a.j.t.JMeterThread: Thread finished: Thread Group 1-1
2024-03-08 11:33:08,919 INFO o.a.j.t.JMeterThread: Thread finished: Thread Group 1-3
2024-03-08 11:33:08,946 INFO o.a.j.t.JMeterThread: Thread started: Thread Group 1-11
2024-03-08 11:33:09,009 INFO o.a.j.t.JMeterThread: Thread started: Thread Group 1-12
2024-03-08 11:33:09,086 INFO o.a.j.t.JMeterThread: Thread started: Thread Group 1-13
2024-03-08 11:33:09,150 INFO o.a.j.t.JMeterThread: Thread started: Thread Group 1-14
2024-03-08 11:33:09,212 INFO o.a.j.t.JMeterThread: Thread started: Thread Group 1-15
2024-03-08 11:33:10,432 INFO o.a.j.t.JMeterThread: Thread is done: Thread Group 1-4
2024-03-08 11:33:10,432 INFO o.a.j.t.JMeterThread: Thread is done: Thread Group 1-2
2024-03-08 11:33:10,432 INFO o.a.j.t.JMeterThread: Thread finished: Thread Group 1-4
2024-03-08 11:33:10,432 INFO o.a.j.t.JMeterThread: Thread finished: Thread Group 1-2
2024-03-08 11:33:10,560 INFO o.a.j.t.JMeterThread: Thread is done: Thread Group 1-5
2024-03-08 11:33:10,560 INFO o.a.j.t.JMeterThread: Thread finished: Thread Group 1-5
2024-03-08 11:33:10,639 INFO o.a.j.t.JMeterThread: Thread is done: Thread Group 1-6
2024-03-08 11:33:10,639 INFO o.a.j.t.JMeterThread: Thread finished: Thread Group 1-6
2024-03-08 11:33:10,700 INFO o.a.j.t.JMeterThread: Thread is done: Thread Group 1-7
2024-03-08 11:33:10,700 INFO o.a.j.t.JMeterThread: Thread finished: Thread Group 1-7
2024-03-08 11:33:10,762 INFO o.a.j.t.JMeterThread: Thread is done: Thread Group 1-8
2024-03-08 11:33:10,762 INFO o.a.j.t.JMeterThread: Thread finished: Thread Group 1-8
2024-03-08 11:33:10,823 INFO o.a.j.t.JMeterThread: Thread is done: Thread Group 1-9
2024-03-08 11:33:10,823 INFO o.a.j.t.JMeterThread: Thread finished: Thread Group 1-9
2024-03-08 11:33:10,904 INFO o.a.j.t.JMeterThread: Thread is done: Thread Group 1-10
2024-03-08 11:33:10,904 INFO o.a.j.t.JMeterThread: Thread finished: Thread Group 1-10
2024-03-08 11:33:10,967 INFO o.a.j.t.JMeterThread: Thread is done: Thread Group 1-11
2024-03-08 11:33:10,967 INFO o.a.j.t.JMeterThread: Thread finished: Thread Group 1-11
2024-03-08 11:33:11,030 INFO o.a.j.t.JMeterThread: Thread is done: Thread Group 1-12
2024-03-08 11:33:11,030 INFO o.a.j.t.JMeterThread: Thread finished: Thread Group 1-12
2024-03-08 11:33:11,115 INFO o.a.j.t.JMeterThread: Thread is done: Thread Group 1-13
2024-03-08 11:33:11,115 INFO o.a.j.t.JMeterThread: Thread finished: Thread Group 1-13
2024-03-08 11:33:11,172 INFO o.a.j.t.JMeterThread: Thread is done: Thread Group 1-14
2024-03-08 11:33:11,172 INFO o.a.j.t.JMeterThread: Thread finished: Thread Group 1-14
2024-03-08 11:33:11,233 INFO o.a.j.t.JMeterThread: Thread is done: Thread Group 1-15
2024-03-08 11:33:11,234 INFO o.a.j.t.JMeterThread: Thread finished: Thread Group 1-15
2024-03-08 11:33:11,234 INFO o.a.j.e.StandardJMeterEngine: Notifying test listeners of end of test
2024-03-08 11:33:11,234 INFO o.a.j.g.u.JMeterMenuBar: setRunning(false, *local*)
2024-03-08 11:33:44,847 INFO o.a.j.e.StandardJMeterEngine: Running the test!
2024-03-08 11:33:44,848 INFO o.a.j.s.SampleEvent: List of sample_variables: []
2024-03-08 11:33:44,848 INFO o.a.j.g.u.JMeterMenuBar: setRunning(true, *local*)
2024-03-08 11:33:44,905 INFO o.a.j.e.StandardJMeterEngine: Starting ThreadGroup: 1 : Thread Group
2024-03-08 11:33:44,905 INFO o.a.j.e.StandardJMeterEngine: Starting 15 threads for group Thread Group.
2024-03-08 11:33:44,905 INFO o.a.j.e.StandardJMeterEngine: Thread will continue on error
2024-03-08 11:33:44,907 INFO o.a.j.t.ThreadGroup: Starting thread group... number=1 threads=15 ramp-up=1 delayedStart=false
2024-03-08 11:33:44,908 INFO o.a.j.t.JMeterThread: Thread started: Thread Group 1-1
2024-03-08 11:33:44,911 INFO o.a.j.t.ThreadGroup: Started thread group number 1
2024-03-08 11:33:44,912 INFO o.a.j.e.StandardJMeterEngine: All thread groups have been started
2024-03-08 11:33:44,965 INFO o.a.j.t.JMeterThread: Thread is done: Thread Group 1-1
2024-03-08 11:33:44,966 INFO o.a.j.t.JMeterThread: Thread finished: Thread Group 1-1
2024-03-08 11:33:44,977 INFO o.a.j.t.JMeterThread: Thread started: Thread Group 1-2
2024-03-08 11:33:45,013 INFO o.a.j.t.JMeterThread: Thread is done: Thread Group 1-2
2024-03-08 11:33:45,014 INFO o.a.j.t.JMeterThread: Thread finished: Thread Group 1-2
2024-03-08 11:33:45,043 INFO o.a.j.t.JMeterThread: Thread started: Thread Group 1-3
2024-03-08 11:33:45,114 INFO o.a.j.t.JMeterThread: Thread started: Thread Group 1-4
2024-03-08 11:33:45,176 INFO o.a.j.t.JMeterThread: Thread started: Thread Group 1-5
2024-03-08 11:33:45,244 INFO o.a.j.t.JMeterThread: Thread started: Thread Group 1-6
2024-03-08 11:33:45,311 INFO o.a.j.t.JMeterThread: Thread started: Thread Group 1-7
2024-03-08 11:33:45,378 INFO o.a.j.t.JMeterThread: Thread started: Thread Group 1-8
2024-03-08 11:33:45,445 INFO o.a.j.t.JMeterThread: Thread started: Thread Group 1-9
2024-03-08 11:33:45,512 INFO o.a.j.t.JMeterThread: Thread started: Thread Group 1-10
2024-03-08 11:33:45,580 INFO o.a.j.t.JMeterThread: Thread started: Thread Group 1-11
2024-03-08 11:33:45,646 INFO o.a.j.t.JMeterThread: Thread started: Thread Group 1-12
2024-03-08 11:33:45,714 INFO o.a.j.t.JMeterThread: Thread started: Thread Group 1-13
2024-03-08 11:33:45,779 INFO o.a.j.t.JMeterThread: Thread started: Thread Group 1-14
2024-03-08 11:33:45,849 INFO o.a.j.t.JMeterThread: Thread started: Thread Group 1-15
2024-03-08 11:33:46,435 INFO o.a.j.t.JMeterThread: Thread is done: Thread Group 1-4
2024-03-08 11:33:46,435 INFO o.a.j.t.JMeterThread: Thread is done: Thread Group 1-3
2024-03-08 11:33:46,435 INFO o.a.j.t.JMeterThread: Thread finished: Thread Group 1-4
2024-03-08 11:33:46,435 INFO o.a.j.t.JMeterThread: Thread finished: Thread Group 1-3
2024-03-08 11:33:47,188 INFO o.a.j.t.JMeterThread: Thread is done: Thread Group 1-5
2024-03-08 11:33:47,188 INFO o.a.j.t.JMeterThread: Thread finished: Thread Group 1-5
2024-03-08 11:33:47,263 INFO o.a.j.t.JMeterThread: Thread is done: Thread Group 1-6
2024-03-08 11:33:47,264 INFO o.a.j.t.JMeterThread: Thread finished: Thread Group 1-6
2024-03-08 11:33:47,327 INFO o.a.j.t.JMeterThread: Thread is done: Thread Group 1-7
2024-03-08 11:33:47,327 INFO o.a.j.t.JMeterThread: Thread finished: Thread Group 1-7
2024-03-08 11:33:47,389 INFO o.a.j.t.JMeterThread: Thread is done: Thread Group 1-8
2024-03-08 11:33:47,389 INFO o.a.j.t.JMeterThread: Thread finished: Thread Group 1-8
2024-03-08 11:33:47,465 INFO o.a.j.t.JMeterThread: Thread is done: Thread Group 1-9
2024-03-08 11:33:47,466 INFO o.a.j.t.JMeterThread: Thread finished: Thread Group 1-9
2024-03-08 11:33:47,526 INFO o.a.j.t.JMeterThread: Thread is done: Thread Group 1-10
2024-03-08 11:33:47,527 INFO o.a.j.t.JMeterThread: Thread finished: Thread Group 1-10
2024-03-08 11:33:47,590 INFO o.a.j.t.JMeterThread: Thread is done: Thread Group 1-11
2024-03-08 11:33:47,590 INFO o.a.j.t.JMeterThread: Thread finished: Thread Group 1-11
2024-03-08 11:33:47,668 INFO o.a.j.t.JMeterThread: Thread is done: Thread Group 1-12
2024-03-08 11:33:47,669 INFO o.a.j.t.JMeterThread: Thread finished: Thread Group 1-12
2024-03-08 11:33:47,730 INFO o.a.j.t.JMeterThread: Thread is done: Thread Group 1-13
2024-03-08 11:33:47,730 INFO o.a.j.t.JMeterThread: Thread finished: Thread Group 1-13
2024-03-08 11:33:47,791 INFO o.a.j.t.JMeterThread: Thread is done: Thread Group 1-14
2024-03-08 11:33:47,791 INFO o.a.j.t.JMeterThread: Thread finished: Thread Group 1-14
2024-03-08 11:33:47,872 INFO o.a.j.t.JMeterThread: Thread is done: Thread Group 1-15
2024-03-08 11:33:47,872 INFO o.a.j.t.JMeterThread: Thread finished: Thread Group 1-15
2024-03-08 11:33:47,873 INFO o.a.j.e.StandardJMeterEngine: Notifying test listeners of end of test
2024-03-08 11:33:47,874 INFO o.a.j.g.u.JMeterMenuBar: setRunning(false, *local*)
